  cJSON.c
c:\users\zou\desktop\aliyunapi\aliyunapi\cjson.c(143): warning C4267: 'return': conversion from 'size_t' to 'int', possible loss of data
c:\users\zou\desktop\aliyunapi\aliyunapi\cjson.c(259): warning C4244: '=': conversion from '__int64' to 'int', possible loss of data
c:\users\zou\desktop\aliyunapi\aliyunapi\cjson.c(481): warning C4267: '+=': conversion from 'size_t' to 'int', possible loss of data
c:\users\zou\desktop\aliyunapi\aliyunapi\cjson.c(624): warning C4267: '+=': conversion from 'size_t' to 'int', possible loss of data
  Utils.cpp
c:\users\zou\desktop\aliyunapi\aliyunapi\utils.cpp(138): warning C4267: '=': conversion from 'size_t' to 'unsigned char', possible loss of data
c:\users\zou\desktop\aliyunapi\aliyunapi\utils.cpp(156): warning C4267: '=': conversion from 'size_t' to 'unsigned char', possible loss of data
c:\users\zou\desktop\aliyunapi\aliyunapi\utils.cpp(330): warning C4267: 'initializing': conversion from 'size_t' to 'int', possible loss of data
c:\users\zou\desktop\aliyunapi\aliyunapi\utils.cpp(351): warning C4267: 'argument': conversion from 'size_t' to 'int', possible loss of data
  main.cpp
c:\users\zou\desktop\aliyunapi\aliyunapi\main.cpp(24): warning C4267: '+=': conversion from 'size_t' to 'int', possible loss of data
c:\users\zou\desktop\aliyunapi\aliyunapi\main.cpp(138): warning C4244: 'initializing': conversion from 'double' to 'int', possible loss of data
c:\users\zou\desktop\aliyunapi\aliyunapi\main.cpp(139): warning C4244: 'initializing': conversion from 'double' to 'int', possible loss of data
c:\users\zou\desktop\aliyunapi\aliyunapi\main.cpp(175): warning C4244: 'initializing': conversion from 'std::streamoff' to 'int', possible loss of data
  SHA1.cpp
c:\users\zou\desktop\aliyunapi\aliyunapi\hmac_sha1\sha1.cpp(138): warning C4018: '<': signed/unsigned mismatch
c:\users\zou\desktop\aliyunapi\aliyunapi\hmac_sha1\sha1.cpp(148): warning C4018: '<': signed/unsigned mismatch
  HMAC_SHA1.cpp
  Generating Code...
main.obj : error LNK2019: unresolved external symbol __imp_curl_slist_append referenced in function "class std::basic_string<char,struct std::char_traits<char>,class std::allocator<char> > __cdecl HttpPostAliYun(class std::basic_string<char,struct std::char_traits<char>,class std::allocator<char> > const &,unsigned char const *,int,class std::basic_string<char,struct std::char_traits<char>,class std::allocator<char> > const &,class std::basic_string<char,struct std::char_traits<char>,class std::allocator<char> > const &)" (?HttpPostAliYun@@YA?AV?$basic_string@DU?$char_traits@D@std@@V?$allocator@D@2@@std@@AEBV12@PEBEH00@Z)
main.obj : error LNK2019: unresolved external symbol __imp_curl_slist_free_all referenced in function "class std::basic_string<char,struct std::char_traits<char>,class std::allocator<char> > __cdecl HttpPostAliYun(class std::basic_string<char,struct std::char_traits<char>,class std::allocator<char> > const &,unsigned char const *,int,class std::basic_string<char,struct std::char_traits<char>,class std::allocator<char> > const &,class std::basic_string<char,struct std::char_traits<char>,class std::allocator<char> > const &)" (?HttpPostAliYun@@YA?AV?$basic_string@DU?$char_traits@D@std@@V?$allocator@D@2@@std@@AEBV12@PEBEH00@Z)
main.obj : error LNK2019: unresolved external symbol __imp_curl_easy_strerror referenced in function "class std::basic_string<char,struct std::char_traits<char>,class std::allocator<char> > __cdecl HttpPostAliYun(class std::basic_string<char,struct std::char_traits<char>,class std::allocator<char> > const &,unsigned char const *,int,class std::basic_string<char,struct std::char_traits<char>,class std::allocator<char> > const &,class std::basic_string<char,struct std::char_traits<char>,class std::allocator<char> > const &)" (?HttpPostAliYun@@YA?AV?$basic_string@DU?$char_traits@D@std@@V?$allocator@D@2@@std@@AEBV12@PEBEH00@Z)
main.obj : error LNK2019: unresolved external symbol __imp_curl_easy_init referenced in function "class std::basic_string<char,struct std::char_traits<char>,class std::allocator<char> > __cdecl HttpPostAliYun(class std::basic_string<char,struct std::char_traits<char>,class std::allocator<char> > const &,unsigned char const *,int,class std::basic_string<char,struct std::char_traits<char>,class std::allocator<char> > const &,class std::basic_string<char,struct std::char_traits<char>,class std::allocator<char> > const &)" (?HttpPostAliYun@@YA?AV?$basic_string@DU?$char_traits@D@std@@V?$allocator@D@2@@std@@AEBV12@PEBEH00@Z)
main.obj : error LNK2019: unresolved external symbol __imp_curl_easy_setopt referenced in function "class std::basic_string<char,struct std::char_traits<char>,class std::allocator<char> > __cdecl HttpPostAliYun(class std::basic_string<char,struct std::char_traits<char>,class std::allocator<char> > const &,unsigned char const *,int,class std::basic_string<char,struct std::char_traits<char>,class std::allocator<char> > const &,class std::basic_string<char,struct std::char_traits<char>,class std::allocator<char> > const &)" (?HttpPostAliYun@@YA?AV?$basic_string@DU?$char_traits@D@std@@V?$allocator@D@2@@std@@AEBV12@PEBEH00@Z)
main.obj : error LNK2019: unresolved external symbol __imp_curl_easy_perform referenced in function "class std::basic_string<char,struct std::char_traits<char>,class std::allocator<char> > __cdecl HttpPostAliYun(class std::basic_string<char,struct std::char_traits<char>,class std::allocator<char> > const &,unsigned char const *,int,class std::basic_string<char,struct std::char_traits<char>,class std::allocator<char> > const &,class std::basic_string<char,struct std::char_traits<char>,class std::allocator<char> > const &)" (?HttpPostAliYun@@YA?AV?$basic_string@DU?$char_traits@D@std@@V?$allocator@D@2@@std@@AEBV12@PEBEH00@Z)
main.obj : error LNK2019: unresolved external symbol __imp_curl_easy_cleanup referenced in function "class std::basic_string<char,struct std::char_traits<char>,class std::allocator<char> > __cdecl HttpPostAliYun(class std::basic_string<char,struct std::char_traits<char>,class std::allocator<char> > const &,unsigned char const *,int,class std::basic_string<char,struct std::char_traits<char>,class std::allocator<char> > const &,class std::basic_string<char,struct std::char_traits<char>,class std::allocator<char> > const &)" (?HttpPostAliYun@@YA?AV?$basic_string@DU?$char_traits@D@std@@V?$allocator@D@2@@std@@AEBV12@PEBEH00@Z)
C:\Users\Zou\Desktop\AliyunAPI\x64\Debug\AliyunAPI.exe : fatal error LNK1120: 7 unresolved externals
