  main.cpp
c:\users\zou\desktop\opencv32\install\include\opencv2\core\mat.hpp(2586): warning C4819: The file contains a character that cannot be represented in the current code page (936). Save the file in Unicode format to prevent data loss
c:\users\zou\desktop\opencv32\install\include\opencv2\core\persistence.hpp : warning C4819: The file contains a character that cannot be represented in the current code page (936). Save the file in Unicode format to prevent data loss
c:\users\zou\desktop\opencv32\install\include\opencv2\core\utility.hpp : warning C4819: The file contains a character that cannot be represented in the current code page (936). Save the file in Unicode format to prevent data loss
c:\users\zou\desktop\opencv32\install\include\opencv2\core\utility.hpp : warning C4819: The file contains a character that cannot be represented in the current code page (936). Save the file in Unicode format to prevent data loss
c:\users\zou\desktop\opencv32\install\include\opencv2\imgproc.hpp(592): warning C4819: The file contains a character that cannot be represented in the current code page (936). Save the file in Unicode format to prevent data loss
c:\users\zou\desktop\aliyunapi\aliyunapi\main.cpp(117): warning C4101: 'i': unreferenced local variable
c:\users\zou\desktop\aliyunapi\aliyunapi\main.cpp(436): warning C4101: 'sql_str': unreferenced local variable
c:\users\zou\desktop\aliyunapi\aliyunapi\main.cpp(434): warning C4101: 'success': unreferenced local variable
c:\users\zou\desktop\aliyunapi\aliyunapi\main.cpp(568): warning C4244: 'initializing': conversion from 'double' to 'int', possible loss of data
c:\users\zou\desktop\aliyunapi\aliyunapi\main.cpp(651): warning C4244: 'initializing': conversion from 'std::streamoff' to 'int', possible loss of data
c:\users\zou\desktop\aliyunapi\aliyunapi\main.cpp(652): warning C4244: 'initializing': conversion from 'std::streamoff' to 'int', possible loss of data
c:\users\zou\desktop\aliyunapi\aliyunapi\main.cpp(96): warning C4172: returning address of local variable or temporary: url
  oss_c_sdk.lib(aos_http_io.obj) : MSIL .netmodule or module compiled with /GL found; restarting link with /LTCG; add /LTCG to the link command line to improve linker performance
LINK : warning LNK4075: ignoring '/INCREMENTAL' due to '/LTCG' specification
cJSON.obj : warning LNK4075: ignoring '/EDITANDCONTINUE' due to '/OPT:LBR' specification
LINK : warning LNK4098: defaultlib 'MSVCRT' conflicts with use of other libs; use /NODEFAULTLIB:library
  Generating code
  Finished generating code
oss_c_sdk.lib(aos_http_io.obj) : warning LNK4099: PDB 'oss_c_sdk.pdb' was not found with 'oss_c_sdk.lib(aos_http_io.obj)' or at 'C:\Users\Zou\Desktop\AliyunAPI\Debug\oss_c_sdk.pdb'; linking object as if no debug info
oss_c_sdk.lib(oss_util.obj) : warning LNK4099: PDB 'oss_c_sdk.pdb' was not found with 'oss_c_sdk.lib(oss_util.obj)' or at 'C:\Users\Zou\Desktop\AliyunAPI\Debug\oss_c_sdk.pdb'; linking object as if no debug info
oss_c_sdk.lib(oss_object.obj) : warning LNK4099: PDB 'oss_c_sdk.pdb' was not found with 'oss_c_sdk.lib(oss_object.obj)' or at 'C:\Users\Zou\Desktop\AliyunAPI\Debug\oss_c_sdk.pdb'; linking object as if no debug info
oss_c_sdk.lib(aos_buf.obj) : warning LNK4099: PDB 'oss_c_sdk.pdb' was not found with 'oss_c_sdk.lib(aos_buf.obj)' or at 'C:\Users\Zou\Desktop\AliyunAPI\Debug\oss_c_sdk.pdb'; linking object as if no debug info
oss_c_sdk.lib(aos_transport.obj) : warning LNK4099: PDB 'oss_c_sdk.pdb' was not found with 'oss_c_sdk.lib(aos_transport.obj)' or at 'C:\Users\Zou\Desktop\AliyunAPI\Debug\oss_c_sdk.pdb'; linking object as if no debug info
oss_c_sdk.lib(aos_log.obj) : warning LNK4099: PDB 'oss_c_sdk.pdb' was not found with 'oss_c_sdk.lib(aos_log.obj)' or at 'C:\Users\Zou\Desktop\AliyunAPI\Debug\oss_c_sdk.pdb'; linking object as if no debug info
oss_c_sdk.lib(oss_define.obj) : warning LNK4099: PDB 'oss_c_sdk.pdb' was not found with 'oss_c_sdk.lib(oss_define.obj)' or at 'C:\Users\Zou\Desktop\AliyunAPI\Debug\oss_c_sdk.pdb'; linking object as if no debug info
oss_c_sdk.lib(aos_status.obj) : warning LNK4099: PDB 'oss_c_sdk.pdb' was not found with 'oss_c_sdk.lib(aos_status.obj)' or at 'C:\Users\Zou\Desktop\AliyunAPI\Debug\oss_c_sdk.pdb'; linking object as if no debug info
oss_c_sdk.lib(aos_string.obj) : warning LNK4099: PDB 'oss_c_sdk.pdb' was not found with 'oss_c_sdk.lib(aos_string.obj)' or at 'C:\Users\Zou\Desktop\AliyunAPI\Debug\oss_c_sdk.pdb'; linking object as if no debug info
oss_c_sdk.lib(aos_util.obj) : warning LNK4099: PDB 'oss_c_sdk.pdb' was not found with 'oss_c_sdk.lib(aos_util.obj)' or at 'C:\Users\Zou\Desktop\AliyunAPI\Debug\oss_c_sdk.pdb'; linking object as if no debug info
oss_c_sdk.lib(oss_auth.obj) : warning LNK4099: PDB 'oss_c_sdk.pdb' was not found with 'oss_c_sdk.lib(oss_auth.obj)' or at 'C:\Users\Zou\Desktop\AliyunAPI\Debug\oss_c_sdk.pdb'; linking object as if no debug info
oss_c_sdk.lib(aos_fstack.obj) : warning LNK4099: PDB 'oss_c_sdk.pdb' was not found with 'oss_c_sdk.lib(aos_fstack.obj)' or at 'C:\Users\Zou\Desktop\AliyunAPI\Debug\oss_c_sdk.pdb'; linking object as if no debug info
oss_c_sdk.lib(aos_crc64.obj) : warning LNK4099: PDB 'oss_c_sdk.pdb' was not found with 'oss_c_sdk.lib(aos_crc64.obj)' or at 'C:\Users\Zou\Desktop\AliyunAPI\Debug\oss_c_sdk.pdb'; linking object as if no debug info
  AliyunAPI.vcxproj -> C:\Users\Zou\Desktop\AliyunAPI\Debug\AliyunAPI.exe
  AliyunAPI.vcxproj -> C:\Users\Zou\Desktop\AliyunAPI\Debug\AliyunAPI.pdb (Full PDB)
